<?xml version="1.0" encoding="UTF-8"?>
<robot generator="Robot 3.0.4 (Python 3.6.5 on win32)" generated="20190403 12:16:14.381">
<suite id="s1" name="Emailcapture" source="C:\development\robot-scripts\Innovation\Tests\Emailcapture.robot">
<test id="s1-t1" name="Email Capture">
<kw name="Open Browser" library="SeleniumLibrary">
<doc>Opens a new browser instance to the given ``url``.</doc>
<arguments>
<arg>http://www.gambling.com/ie</arg>
<arg>chrome</arg>
</arguments>
<msg timestamp="20190403 12:16:15.039" level="INFO">Opening browser 'chrome' to base url 'http://www.gambling.com/ie'.</msg>
<status status="PASS" starttime="20190403 12:16:15.039" endtime="20190403 12:16:22.183"></status>
</kw>
<kw name="Sleep" library="BuiltIn">
<doc>Pauses the test executed for the given time.</doc>
<arguments>
<arg>5s</arg>
</arguments>
<msg timestamp="20190403 12:16:27.195" level="INFO">Slept 5 seconds</msg>
<status status="PASS" starttime="20190403 12:16:22.185" endtime="20190403 12:16:27.195"></status>
</kw>
<kw name="Wait Until Page Contains" library="SeleniumLibrary">
<doc>Waits until ``text`` appears on current page.</doc>
<arguments>
<arg>Best Online Gambling Sites</arg>
</arguments>
<status status="PASS" starttime="20190403 12:16:27.195" endtime="20190403 12:16:27.226"></status>
</kw>
<kw name="Sleep" library="BuiltIn">
<doc>Pauses the test executed for the given time.</doc>
<arguments>
<arg>5s</arg>
</arguments>
<msg timestamp="20190403 12:16:32.235" level="INFO">Slept 5 seconds</msg>
<status status="PASS" starttime="20190403 12:16:27.226" endtime="20190403 12:16:32.235"></status>
</kw>
<kw name="Element Should Not Be Visible" library="SeleniumLibrary">
<doc>Verifies that the element identified by ``locator`` is NOT visible.</doc>
<arguments>
<arg>css:div#dynamic-popup &gt; div &gt; div</arg>
</arguments>
<msg timestamp="20190403 12:16:32.266" level="INFO">Element 'css:div#dynamic-popup &gt; div &gt; div' did not exist.</msg>
<status status="PASS" starttime="20190403 12:16:32.235" endtime="20190403 12:16:32.266"></status>
</kw>
<kw name="Click Link" library="SeleniumLibrary">
<doc>Clicks a link identified by ``locator``.</doc>
<arguments>
<arg>Casino</arg>
</arguments>
<msg timestamp="20190403 12:16:32.266" level="INFO">Clicking link 'Casino'.</msg>
<status status="PASS" starttime="20190403 12:16:32.266" endtime="20190403 12:16:33.021"></status>
</kw>
<kw name="Sleep" library="BuiltIn">
<doc>Pauses the test executed for the given time.</doc>
<arguments>
<arg>5s</arg>
</arguments>
<msg timestamp="20190403 12:16:38.036" level="INFO">Slept 5 seconds</msg>
<status status="PASS" starttime="20190403 12:16:33.021" endtime="20190403 12:16:38.036"></status>
</kw>
<kw name="Wait Until Page Contains" library="SeleniumLibrary">
<doc>Waits until ``text`` appears on current page.</doc>
<arguments>
<arg>Online Casinos</arg>
</arguments>
<status status="PASS" starttime="20190403 12:16:38.036" endtime="20190403 12:16:38.065"></status>
</kw>
<kw name="Sleep" library="BuiltIn">
<doc>Pauses the test executed for the given time.</doc>
<arguments>
<arg>5s</arg>
</arguments>
<msg timestamp="20190403 12:16:43.069" level="INFO">Slept 5 seconds</msg>
<status status="PASS" starttime="20190403 12:16:38.065" endtime="20190403 12:16:43.069"></status>
</kw>
<kw name="Element Should Not Be Visible" library="SeleniumLibrary">
<doc>Verifies that the element identified by ``locator`` is NOT visible.</doc>
<arguments>
<arg>css:div#dynamic-popup &gt; div &gt; div</arg>
</arguments>
<msg timestamp="20190403 12:16:43.134" level="INFO">Element 'css:div#dynamic-popup &gt; div &gt; div' exists but is not displayed.</msg>
<status status="PASS" starttime="20190403 12:16:43.069" endtime="20190403 12:16:43.134"></status>
</kw>
<kw name="Click Link" library="SeleniumLibrary">
<doc>Clicks a link identified by ``locator``.</doc>
<arguments>
<arg>Slots</arg>
</arguments>
<msg timestamp="20190403 12:16:43.150" level="INFO">Clicking link 'Slots'.</msg>
<status status="PASS" starttime="20190403 12:16:43.150" endtime="20190403 12:16:43.998"></status>
</kw>
<kw name="Sleep" library="BuiltIn">
<doc>Pauses the test executed for the given time.</doc>
<arguments>
<arg>5s</arg>
</arguments>
<msg timestamp="20190403 12:16:49.001" level="INFO">Slept 5 seconds</msg>
<status status="PASS" starttime="20190403 12:16:43.998" endtime="20190403 12:16:49.001"></status>
</kw>
<kw name="Wait Until Page Contains" library="SeleniumLibrary">
<doc>Waits until ``text`` appears on current page.</doc>
<arguments>
<arg>Online Slots</arg>
</arguments>
<status status="PASS" starttime="20190403 12:16:49.001" endtime="20190403 12:16:49.039"></status>
</kw>
<kw name="Element Should Be Visible" library="SeleniumLibrary">
<doc>Verifies that the element identified by ``locator`` is visible.</doc>
<arguments>
<arg>css:div#dynamic-popup &gt; div &gt; div</arg>
</arguments>
<msg timestamp="20190403 12:16:49.070" level="INFO">Element 'css:div#dynamic-popup &gt; div &gt; div' is displayed.</msg>
<status status="PASS" starttime="20190403 12:16:49.039" endtime="20190403 12:16:49.070"></status>
</kw>
<kw name="Click Link" library="SeleniumLibrary">
<doc>Clicks a link identified by ``locator``.</doc>
<arguments>
<arg>css:div#dynamic-popup &gt; a</arg>
</arguments>
<msg timestamp="20190403 12:16:49.082" level="INFO">Clicking link 'css:div#dynamic-popup &gt; a'.</msg>
<status status="PASS" starttime="20190403 12:16:49.070" endtime="20190403 12:16:49.178"></status>
</kw>
<kw name="Sleep" library="BuiltIn">
<doc>Pauses the test executed for the given time.</doc>
<arguments>
<arg>5s</arg>
</arguments>
<msg timestamp="20190403 12:16:54.182" level="INFO">Slept 5 seconds</msg>
<status status="PASS" starttime="20190403 12:16:49.178" endtime="20190403 12:16:54.182"></status>
</kw>
<kw name="Click Link" library="SeleniumLibrary">
<doc>Clicks a link identified by ``locator``.</doc>
<arguments>
<arg>Sports</arg>
</arguments>
<msg timestamp="20190403 12:16:54.182" level="INFO">Clicking link 'Sports'.</msg>
<status status="PASS" starttime="20190403 12:16:54.182" endtime="20190403 12:16:54.942"></status>
</kw>
<kw name="Wait Until Page Contains" library="SeleniumLibrary">
<doc>Waits until ``text`` appears on current page.</doc>
<arguments>
<arg>Online Betting</arg>
</arguments>
<status status="PASS" starttime="20190403 12:16:54.944" endtime="20190403 12:16:54.982"></status>
</kw>
<kw name="Element Should Not Be Visible" library="SeleniumLibrary">
<doc>Verifies that the element identified by ``locator`` is NOT visible.</doc>
<arguments>
<arg>css:div#dynamic-popup &gt; div &gt; div</arg>
</arguments>
<msg timestamp="20190403 12:16:55.054" level="INFO">Element 'css:div#dynamic-popup &gt; div &gt; div' exists but is not displayed.</msg>
<status status="PASS" starttime="20190403 12:16:54.983" endtime="20190403 12:16:55.054"></status>
</kw>
<kw name="Sleep" library="BuiltIn">
<doc>Pauses the test executed for the given time.</doc>
<arguments>
<arg>2s</arg>
</arguments>
<msg timestamp="20190403 12:16:57.075" level="INFO">Slept 2 seconds</msg>
<status status="PASS" starttime="20190403 12:16:55.054" endtime="20190403 12:16:57.075"></status>
</kw>
<kw name="Close Browser" library="SeleniumLibrary">
<doc>Closes the current browser.</doc>
<status status="PASS" starttime="20190403 12:16:57.075" endtime="20190403 12:17:00.343"></status>
</kw>
<doc>Test to see functionality of dynamic email capture form</doc>
<tags>
<tag>Smoke</tag>
</tags>
<status status="PASS" starttime="20190403 12:16:15.039" endtime="20190403 12:17:00.343" critical="yes"></status>
</test>
<doc>Test to see functionality of dynamic email capture form</doc>
<status status="PASS" starttime="20190403 12:16:14.397" endtime="20190403 12:17:00.370"></status>
</suite>
<statistics>
<total>
<stat pass="1" fail="0">Critical Tests</stat>
<stat pass="1" fail="0">All Tests</stat>
</total>
<tag>
<stat pass="1" fail="0">Smoke</stat>
</tag>
<suite>
<stat pass="1" fail="0" id="s1" name="Emailcapture">Emailcapture</stat>
</suite>
</statistics>
<errors>
</errors>
</robot>
